2025-02-18 10:04:57.644 [main] INFO  o.s.t.c.support.AnnotationConfigContextLoaderUtils-Could not detect default configuration classes for test class [com.whl.tlias.config.SpringDataRedisTest]: SpringDataRedisTest does not declare any static, non-private, non-final, nested classes annotated with @Configuration.
2025-02-18 10:04:57.773 [main] INFO  o.s.b.t.context.SpringBootTestContextBootstrapper-Found @SpringBootConfiguration com.whl.tlias.TliasApplication for test class com.whl.tlias.config.SpringDataRedisTest
2025-02-18 10:04:58.191 [main] INFO  com.whl.tlias.config.SpringDataRedisTest-Starting SpringDataRedisTest using Java 17.0.12 with PID 10168 (started by 86195 in D:\JAVA学习项目\后端\SpringBootWeb案例\tlias)
2025-02-18 10:04:58.192 [main] INFO  com.whl.tlias.config.SpringDataRedisTest-No active profile set, falling back to 1 default profile: "default"
2025-02-18 10:04:59.033 [main] INFO  o.s.d.r.config.RepositoryConfigurationDelegate-Multiple Spring Data modules found, entering strict repository configuration mode
2025-02-18 10:04:59.036 [main] INFO  o.s.d.r.config.RepositoryConfigurationDelegate-Bootstrapping Spring Data Redis repositories in DEFAULT mode.
2025-02-18 10:04:59.077 [main] INFO  o.s.d.r.config.RepositoryConfigurationDelegate-Finished Spring Data repository scanning in 15 ms. Found 0 Redis repository interfaces.
2025-02-18 10:05:01.934 [main] INFO  com.whl.tlias.config.SpringDataRedisTest-Started SpringDataRedisTest in 3.997 seconds (process running for 5.723)
2025-02-18 10:48:26.095 [main] INFO  com.whl.tlias.TliasApplication-Starting TliasApplication using Java 17.0.12 with PID 25880 (D:\JAVA学习项目\后端\SpringBootWeb案例\tlias\target\classes started by 86195 in D:\JAVA学习项目\后端\SpringBootWeb案例)
2025-02-18 10:48:26.097 [main] INFO  com.whl.tlias.TliasApplication-No active profile set, falling back to 1 default profile: "default"
2025-02-18 10:48:26.546 [main] INFO  o.s.d.r.config.RepositoryConfigurationDelegate-Multiple Spring Data modules found, entering strict repository configuration mode
2025-02-18 10:48:26.548 [main] INFO  o.s.d.r.config.RepositoryConfigurationDelegate-Bootstrapping Spring Data Redis repositories in DEFAULT mode.
2025-02-18 10:48:26.567 [main] INFO  o.s.d.r.config.RepositoryConfigurationDelegate-Finished Spring Data repository scanning in 8 ms. Found 0 Redis repository interfaces.
2025-02-18 10:48:26.985 [main] INFO  o.s.boot.web.embedded.tomcat.TomcatWebServer-Tomcat initialized with port 8080 (http)
2025-02-18 10:48:26.994 [main] INFO  org.apache.coyote.http11.Http11NioProtocol-Initializing ProtocolHandler ["http-nio-8080"]
2025-02-18 10:48:26.995 [main] INFO  org.apache.catalina.core.StandardService-Starting service [Tomcat]
2025-02-18 10:48:26.995 [main] INFO  org.apache.catalina.core.StandardEngine-Starting Servlet engine: [Apache Tomcat/10.1.34]
2025-02-18 10:48:27.045 [main] INFO  o.a.c.core.ContainerBase.[Tomcat].[localhost].[/]-Initializing Spring embedded WebApplicationContext
2025-02-18 10:48:27.045 [main] INFO  o.s.b.w.s.c.ServletWebServerApplicationContext-Root WebApplicationContext: initialization completed in 921 ms
2025-02-18 10:48:27.780 [main] INFO  org.apache.coyote.http11.Http11NioProtocol-Starting ProtocolHandler ["http-nio-8080"]
2025-02-18 10:48:27.787 [main] WARN  o.s.b.w.s.c.AnnotationConfigServletWebServerApplicationContext-Exception encountered during context initialization - cancelling refresh attempt: org.springframework.context.ApplicationContextException: Failed to start bean 'webServerStartStop'
2025-02-18 10:48:27.811 [main] INFO  o.s.b.a.logging.ConditionEvaluationReportLogger-

Error starting ApplicationContext. To display the condition evaluation report re-run your application with 'debug' enabled.
2025-02-18 10:48:27.822 [main] ERROR o.s.b.diagnostics.LoggingFailureAnalysisReporter-

***************************
APPLICATION FAILED TO START
***************************

Description:

Web server failed to start. Port 8080 was already in use.

Action:

Identify and stop the process that's listening on port 8080 or configure this application to listen on another port.

2025-02-18 10:49:50.004 [main] INFO  com.whl.tlias.TliasApplication-Starting TliasApplication using Java 17.0.12 with PID 27324 (D:\JAVA学习项目\后端\SpringBootWeb案例\tlias\target\classes started by 86195 in D:\JAVA学习项目\后端\SpringBootWeb案例)
2025-02-18 10:49:50.005 [main] INFO  com.whl.tlias.TliasApplication-No active profile set, falling back to 1 default profile: "default"
2025-02-18 10:49:50.502 [main] INFO  o.s.d.r.config.RepositoryConfigurationDelegate-Multiple Spring Data modules found, entering strict repository configuration mode
2025-02-18 10:49:50.505 [main] INFO  o.s.d.r.config.RepositoryConfigurationDelegate-Bootstrapping Spring Data Redis repositories in DEFAULT mode.
2025-02-18 10:49:50.526 [main] INFO  o.s.d.r.config.RepositoryConfigurationDelegate-Finished Spring Data repository scanning in 10 ms. Found 0 Redis repository interfaces.
2025-02-18 10:49:50.937 [main] INFO  o.s.boot.web.embedded.tomcat.TomcatWebServer-Tomcat initialized with port 8080 (http)
2025-02-18 10:49:50.946 [main] INFO  org.apache.coyote.http11.Http11NioProtocol-Initializing ProtocolHandler ["http-nio-8080"]
2025-02-18 10:49:50.947 [main] INFO  org.apache.catalina.core.StandardService-Starting service [Tomcat]
2025-02-18 10:49:50.948 [main] INFO  org.apache.catalina.core.StandardEngine-Starting Servlet engine: [Apache Tomcat/10.1.34]
2025-02-18 10:49:50.992 [main] INFO  o.a.c.core.ContainerBase.[Tomcat].[localhost].[/]-Initializing Spring embedded WebApplicationContext
2025-02-18 10:49:50.993 [main] INFO  o.s.b.w.s.c.ServletWebServerApplicationContext-Root WebApplicationContext: initialization completed in 954 ms
2025-02-18 10:49:51.722 [main] INFO  org.apache.coyote.http11.Http11NioProtocol-Starting ProtocolHandler ["http-nio-8080"]
2025-02-18 10:49:51.735 [main] INFO  o.s.boot.web.embedded.tomcat.TomcatWebServer-Tomcat started on port 8080 (http) with context path '/'
2025-02-18 10:49:51.742 [main] INFO  com.whl.tlias.TliasApplication-Started TliasApplication in 2.025 seconds (process running for 2.755)
2025-02-18 10:50:39.913 [http-nio-8080-exec-1] INFO  o.a.c.core.ContainerBase.[Tomcat].[localhost].[/]-Initializing Spring DispatcherServlet 'dispatcherServlet'
2025-02-18 10:50:39.913 [http-nio-8080-exec-1] INFO  org.springframework.web.servlet.DispatcherServlet-Initializing Servlet 'dispatcherServlet'
2025-02-18 10:50:39.914 [http-nio-8080-exec-1] INFO  org.springframework.web.servlet.DispatcherServlet-Completed initialization in 1 ms
2025-02-18 10:52:38.981 [http-nio-8080-exec-6] INFO  com.zaxxer.hikari.HikariDataSource-HikariPool-1 - Starting...
2025-02-18 10:52:39.803 [http-nio-8080-exec-6] INFO  com.zaxxer.hikari.pool.HikariPool-HikariPool-1 - Added connection com.mysql.cj.jdbc.ConnectionImpl@24b1a24f
2025-02-18 10:52:39.807 [http-nio-8080-exec-6] INFO  com.zaxxer.hikari.HikariDataSource-HikariPool-1 - Start completed.
2025-02-18 11:04:44.555 [SpringApplicationShutdownHook] INFO  o.s.boot.web.embedded.tomcat.GracefulShutdown-Commencing graceful shutdown. Waiting for active requests to complete
2025-02-18 11:04:44.921 [tomcat-shutdown] INFO  o.s.boot.web.embedded.tomcat.GracefulShutdown-Graceful shutdown complete
2025-02-18 11:04:44.942 [SpringApplicationShutdownHook] INFO  com.zaxxer.hikari.HikariDataSource-HikariPool-1 - Shutdown initiated...
2025-02-18 11:04:44.948 [SpringApplicationShutdownHook] INFO  com.zaxxer.hikari.HikariDataSource-HikariPool-1 - Shutdown completed.
2025-02-18 11:04:50.765 [main] INFO  com.whl.tlias.TliasApplication-Starting TliasApplication using Java 17.0.12 with PID 13540 (D:\JAVA学习项目\后端\SpringBootWeb案例\tlias\target\classes started by 86195 in D:\JAVA学习项目\后端\SpringBootWeb案例)
2025-02-18 11:04:50.767 [main] INFO  com.whl.tlias.TliasApplication-No active profile set, falling back to 1 default profile: "default"
2025-02-18 11:04:51.251 [main] INFO  o.s.d.r.config.RepositoryConfigurationDelegate-Multiple Spring Data modules found, entering strict repository configuration mode
2025-02-18 11:04:51.253 [main] INFO  o.s.d.r.config.RepositoryConfigurationDelegate-Bootstrapping Spring Data Redis repositories in DEFAULT mode.
2025-02-18 11:04:51.274 [main] INFO  o.s.d.r.config.RepositoryConfigurationDelegate-Finished Spring Data repository scanning in 9 ms. Found 0 Redis repository interfaces.
2025-02-18 11:04:51.690 [main] INFO  o.s.boot.web.embedded.tomcat.TomcatWebServer-Tomcat initialized with port 8080 (http)
2025-02-18 11:04:51.701 [main] INFO  org.apache.coyote.http11.Http11NioProtocol-Initializing ProtocolHandler ["http-nio-8080"]
2025-02-18 11:04:51.703 [main] INFO  org.apache.catalina.core.StandardService-Starting service [Tomcat]
2025-02-18 11:04:51.703 [main] INFO  org.apache.catalina.core.StandardEngine-Starting Servlet engine: [Apache Tomcat/10.1.34]
2025-02-18 11:04:51.757 [main] INFO  o.a.c.core.ContainerBase.[Tomcat].[localhost].[/]-Initializing Spring embedded WebApplicationContext
2025-02-18 11:04:51.757 [main] INFO  o.s.b.w.s.c.ServletWebServerApplicationContext-Root WebApplicationContext: initialization completed in 961 ms
2025-02-18 11:04:52.516 [main] INFO  org.apache.coyote.http11.Http11NioProtocol-Starting ProtocolHandler ["http-nio-8080"]
2025-02-18 11:04:52.530 [main] INFO  o.s.boot.web.embedded.tomcat.TomcatWebServer-Tomcat started on port 8080 (http) with context path '/'
2025-02-18 11:04:52.537 [main] INFO  com.whl.tlias.TliasApplication-Started TliasApplication in 2.028 seconds (process running for 2.677)
2025-02-18 11:05:08.886 [http-nio-8080-exec-1] INFO  o.a.c.core.ContainerBase.[Tomcat].[localhost].[/]-Initializing Spring DispatcherServlet 'dispatcherServlet'
2025-02-18 11:05:08.886 [http-nio-8080-exec-1] INFO  org.springframework.web.servlet.DispatcherServlet-Initializing Servlet 'dispatcherServlet'
2025-02-18 11:05:08.887 [http-nio-8080-exec-1] INFO  org.springframework.web.servlet.DispatcherServlet-Completed initialization in 1 ms
2025-02-18 11:05:08.955 [http-nio-8080-exec-1] INFO  com.zaxxer.hikari.HikariDataSource-HikariPool-1 - Starting...
2025-02-18 11:05:09.301 [http-nio-8080-exec-1] INFO  com.zaxxer.hikari.pool.HikariPool-HikariPool-1 - Added connection com.mysql.cj.jdbc.ConnectionImpl@4e7fc12d
2025-02-18 11:05:09.302 [http-nio-8080-exec-1] INFO  com.zaxxer.hikari.HikariDataSource-HikariPool-1 - Start completed.
2025-02-18 11:18:14.614 [SpringApplicationShutdownHook] INFO  o.s.boot.web.embedded.tomcat.GracefulShutdown-Commencing graceful shutdown. Waiting for active requests to complete
2025-02-18 11:18:14.993 [tomcat-shutdown] INFO  o.s.boot.web.embedded.tomcat.GracefulShutdown-Graceful shutdown complete
2025-02-18 11:18:15.007 [SpringApplicationShutdownHook] INFO  com.zaxxer.hikari.HikariDataSource-HikariPool-1 - Shutdown initiated...
2025-02-18 11:18:15.012 [SpringApplicationShutdownHook] INFO  com.zaxxer.hikari.HikariDataSource-HikariPool-1 - Shutdown completed.
2025-02-18 11:18:20.812 [main] INFO  com.whl.tlias.TliasApplication-Starting TliasApplication using Java 17.0.12 with PID 26476 (D:\JAVA学习项目\后端\SpringBootWeb案例\tlias\target\classes started by 86195 in D:\JAVA学习项目\后端\SpringBootWeb案例)
2025-02-18 11:18:20.814 [main] INFO  com.whl.tlias.TliasApplication-No active profile set, falling back to 1 default profile: "default"
2025-02-18 11:18:21.263 [main] INFO  o.s.d.r.config.RepositoryConfigurationDelegate-Multiple Spring Data modules found, entering strict repository configuration mode
2025-02-18 11:18:21.265 [main] INFO  o.s.d.r.config.RepositoryConfigurationDelegate-Bootstrapping Spring Data Redis repositories in DEFAULT mode.
2025-02-18 11:18:21.286 [main] INFO  o.s.d.r.config.RepositoryConfigurationDelegate-Finished Spring Data repository scanning in 9 ms. Found 0 Redis repository interfaces.
2025-02-18 11:18:21.693 [main] INFO  o.s.boot.web.embedded.tomcat.TomcatWebServer-Tomcat initialized with port 8080 (http)
2025-02-18 11:18:21.701 [main] INFO  org.apache.coyote.http11.Http11NioProtocol-Initializing ProtocolHandler ["http-nio-8080"]
2025-02-18 11:18:21.702 [main] INFO  org.apache.catalina.core.StandardService-Starting service [Tomcat]
2025-02-18 11:18:21.703 [main] INFO  org.apache.catalina.core.StandardEngine-Starting Servlet engine: [Apache Tomcat/10.1.34]
2025-02-18 11:18:21.748 [main] INFO  o.a.c.core.ContainerBase.[Tomcat].[localhost].[/]-Initializing Spring embedded WebApplicationContext
2025-02-18 11:18:21.748 [main] INFO  o.s.b.w.s.c.ServletWebServerApplicationContext-Root WebApplicationContext: initialization completed in 907 ms
2025-02-18 11:18:22.432 [main] INFO  org.apache.coyote.http11.Http11NioProtocol-Starting ProtocolHandler ["http-nio-8080"]
2025-02-18 11:18:22.446 [main] INFO  o.s.boot.web.embedded.tomcat.TomcatWebServer-Tomcat started on port 8080 (http) with context path '/'
2025-02-18 11:18:22.452 [main] INFO  com.whl.tlias.TliasApplication-Started TliasApplication in 1.886 seconds (process running for 2.57)
2025-02-18 11:18:28.038 [http-nio-8080-exec-3] INFO  o.a.c.core.ContainerBase.[Tomcat].[localhost].[/]-Initializing Spring DispatcherServlet 'dispatcherServlet'
2025-02-18 11:18:28.039 [http-nio-8080-exec-3] INFO  org.springframework.web.servlet.DispatcherServlet-Initializing Servlet 'dispatcherServlet'
2025-02-18 11:18:28.040 [http-nio-8080-exec-3] INFO  org.springframework.web.servlet.DispatcherServlet-Completed initialization in 1 ms
2025-02-18 11:21:50.902 [SpringApplicationShutdownHook] INFO  o.s.boot.web.embedded.tomcat.GracefulShutdown-Commencing graceful shutdown. Waiting for active requests to complete
2025-02-18 11:21:51.290 [tomcat-shutdown] INFO  o.s.boot.web.embedded.tomcat.GracefulShutdown-Graceful shutdown complete
2025-02-18 11:21:57.247 [main] INFO  com.whl.tlias.TliasApplication-Starting TliasApplication using Java 17.0.12 with PID 6856 (D:\JAVA学习项目\后端\SpringBootWeb案例\tlias\target\classes started by 86195 in D:\JAVA学习项目\后端\SpringBootWeb案例)
2025-02-18 11:21:57.249 [main] INFO  com.whl.tlias.TliasApplication-No active profile set, falling back to 1 default profile: "default"
2025-02-18 11:21:57.726 [main] INFO  o.s.d.r.config.RepositoryConfigurationDelegate-Multiple Spring Data modules found, entering strict repository configuration mode
2025-02-18 11:21:57.728 [main] INFO  o.s.d.r.config.RepositoryConfigurationDelegate-Bootstrapping Spring Data Redis repositories in DEFAULT mode.
2025-02-18 11:21:57.751 [main] INFO  o.s.d.r.config.RepositoryConfigurationDelegate-Finished Spring Data repository scanning in 12 ms. Found 0 Redis repository interfaces.
2025-02-18 11:21:58.162 [main] INFO  o.s.boot.web.embedded.tomcat.TomcatWebServer-Tomcat initialized with port 8080 (http)
2025-02-18 11:21:58.172 [main] INFO  org.apache.coyote.http11.Http11NioProtocol-Initializing ProtocolHandler ["http-nio-8080"]
2025-02-18 11:21:58.173 [main] INFO  org.apache.catalina.core.StandardService-Starting service [Tomcat]
2025-02-18 11:21:58.173 [main] INFO  org.apache.catalina.core.StandardEngine-Starting Servlet engine: [Apache Tomcat/10.1.34]
2025-02-18 11:21:58.219 [main] INFO  o.a.c.core.ContainerBase.[Tomcat].[localhost].[/]-Initializing Spring embedded WebApplicationContext
2025-02-18 11:21:58.219 [main] INFO  o.s.b.w.s.c.ServletWebServerApplicationContext-Root WebApplicationContext: initialization completed in 941 ms
2025-02-18 11:21:58.947 [main] INFO  org.apache.coyote.http11.Http11NioProtocol-Starting ProtocolHandler ["http-nio-8080"]
2025-02-18 11:21:58.965 [main] INFO  o.s.boot.web.embedded.tomcat.TomcatWebServer-Tomcat started on port 8080 (http) with context path '/'
2025-02-18 11:21:58.972 [main] INFO  com.whl.tlias.TliasApplication-Started TliasApplication in 1.976 seconds (process running for 2.637)
2025-02-18 11:22:03.661 [http-nio-8080-exec-3] INFO  o.a.c.core.ContainerBase.[Tomcat].[localhost].[/]-Initializing Spring DispatcherServlet 'dispatcherServlet'
2025-02-18 11:22:03.661 [http-nio-8080-exec-3] INFO  org.springframework.web.servlet.DispatcherServlet-Initializing Servlet 'dispatcherServlet'
2025-02-18 11:22:03.665 [http-nio-8080-exec-3] INFO  org.springframework.web.servlet.DispatcherServlet-Completed initialization in 2 ms
2025-02-18 11:22:04.425 [http-nio-8080-exec-3] INFO  com.zaxxer.hikari.HikariDataSource-HikariPool-1 - Starting...
2025-02-18 11:22:04.876 [http-nio-8080-exec-3] INFO  com.zaxxer.hikari.pool.HikariPool-HikariPool-1 - Added connection com.mysql.cj.jdbc.ConnectionImpl@750dfdcc
2025-02-18 11:22:04.879 [http-nio-8080-exec-3] INFO  com.zaxxer.hikari.HikariDataSource-HikariPool-1 - Start completed.
2025-02-18 11:30:10.738 [SpringApplicationShutdownHook] INFO  o.s.boot.web.embedded.tomcat.GracefulShutdown-Commencing graceful shutdown. Waiting for active requests to complete
2025-02-18 11:30:11.137 [tomcat-shutdown] INFO  o.s.boot.web.embedded.tomcat.GracefulShutdown-Graceful shutdown complete
2025-02-18 11:30:11.151 [SpringApplicationShutdownHook] INFO  com.zaxxer.hikari.HikariDataSource-HikariPool-1 - Shutdown initiated...
2025-02-18 11:30:11.156 [SpringApplicationShutdownHook] INFO  com.zaxxer.hikari.HikariDataSource-HikariPool-1 - Shutdown completed.
2025-02-18 11:30:17.028 [main] INFO  com.whl.tlias.TliasApplication-Starting TliasApplication using Java 17.0.12 with PID 4496 (D:\JAVA学习项目\后端\SpringBootWeb案例\tlias\target\classes started by 86195 in D:\JAVA学习项目\后端\SpringBootWeb案例)
2025-02-18 11:30:17.031 [main] INFO  com.whl.tlias.TliasApplication-No active profile set, falling back to 1 default profile: "default"
2025-02-18 11:30:17.480 [main] INFO  o.s.d.r.config.RepositoryConfigurationDelegate-Multiple Spring Data modules found, entering strict repository configuration mode
2025-02-18 11:30:17.482 [main] INFO  o.s.d.r.config.RepositoryConfigurationDelegate-Bootstrapping Spring Data Redis repositories in DEFAULT mode.
2025-02-18 11:30:17.502 [main] INFO  o.s.d.r.config.RepositoryConfigurationDelegate-Finished Spring Data repository scanning in 8 ms. Found 0 Redis repository interfaces.
2025-02-18 11:30:17.896 [main] INFO  o.s.boot.web.embedded.tomcat.TomcatWebServer-Tomcat initialized with port 8080 (http)
2025-02-18 11:30:17.905 [main] INFO  org.apache.coyote.http11.Http11NioProtocol-Initializing ProtocolHandler ["http-nio-8080"]
2025-02-18 11:30:17.906 [main] INFO  org.apache.catalina.core.StandardService-Starting service [Tomcat]
2025-02-18 11:30:17.906 [main] INFO  org.apache.catalina.core.StandardEngine-Starting Servlet engine: [Apache Tomcat/10.1.34]
2025-02-18 11:30:17.949 [main] INFO  o.a.c.core.ContainerBase.[Tomcat].[localhost].[/]-Initializing Spring embedded WebApplicationContext
2025-02-18 11:30:17.950 [main] INFO  o.s.b.w.s.c.ServletWebServerApplicationContext-Root WebApplicationContext: initialization completed in 894 ms
2025-02-18 11:30:18.716 [main] INFO  org.apache.coyote.http11.Http11NioProtocol-Starting ProtocolHandler ["http-nio-8080"]
2025-02-18 11:30:18.732 [main] INFO  o.s.boot.web.embedded.tomcat.TomcatWebServer-Tomcat started on port 8080 (http) with context path '/'
2025-02-18 11:30:18.739 [main] INFO  com.whl.tlias.TliasApplication-Started TliasApplication in 1.952 seconds (process running for 2.615)
2025-02-18 11:30:21.783 [http-nio-8080-exec-2] INFO  o.a.c.core.ContainerBase.[Tomcat].[localhost].[/]-Initializing Spring DispatcherServlet 'dispatcherServlet'
2025-02-18 11:30:21.784 [http-nio-8080-exec-2] INFO  org.springframework.web.servlet.DispatcherServlet-Initializing Servlet 'dispatcherServlet'
2025-02-18 11:30:21.785 [http-nio-8080-exec-2] INFO  org.springframework.web.servlet.DispatcherServlet-Completed initialization in 1 ms
2025-02-18 11:30:27.146 [http-nio-8080-exec-1] INFO  com.zaxxer.hikari.HikariDataSource-HikariPool-1 - Starting...
2025-02-18 11:30:27.389 [http-nio-8080-exec-1] INFO  com.zaxxer.hikari.pool.HikariPool-HikariPool-1 - Added connection com.mysql.cj.jdbc.ConnectionImpl@628b7dde
2025-02-18 11:30:27.390 [http-nio-8080-exec-1] INFO  com.zaxxer.hikari.HikariDataSource-HikariPool-1 - Start completed.
2025-02-18 12:14:50.552 [HikariPool-1 housekeeper] WARN  com.zaxxer.hikari.pool.HikariPool-HikariPool-1 - Thread starvation or clock leap detected (housekeeper delta=41m22s995ms438µs800ns).
2025-02-18 15:01:23.825 [HikariPool-1 housekeeper] WARN  com.zaxxer.hikari.pool.HikariPool-HikariPool-1 - Thread starvation or clock leap detected (housekeeper delta=2h11m32s751ms319µs799ns).
2025-02-18 15:34:01.765 [SpringApplicationShutdownHook] INFO  o.s.boot.web.embedded.tomcat.GracefulShutdown-Commencing graceful shutdown. Waiting for active requests to complete
2025-02-18 15:34:02.152 [tomcat-shutdown] INFO  o.s.boot.web.embedded.tomcat.GracefulShutdown-Graceful shutdown complete
2025-02-18 15:34:02.165 [SpringApplicationShutdownHook] INFO  com.zaxxer.hikari.HikariDataSource-HikariPool-1 - Shutdown initiated...
2025-02-18 15:34:02.169 [SpringApplicationShutdownHook] INFO  com.zaxxer.hikari.HikariDataSource-HikariPool-1 - Shutdown completed.
2025-02-18 15:34:08.121 [main] INFO  com.whl.tlias.TliasApplication-Starting TliasApplication using Java 17.0.12 with PID 16612 (D:\JAVA学习项目\后端\SpringBootWeb案例\tlias\target\classes started by 86195 in D:\JAVA学习项目\后端\SpringBootWeb案例)
2025-02-18 15:34:08.123 [main] INFO  com.whl.tlias.TliasApplication-No active profile set, falling back to 1 default profile: "default"
2025-02-18 15:34:08.593 [main] INFO  o.s.d.r.config.RepositoryConfigurationDelegate-Multiple Spring Data modules found, entering strict repository configuration mode
2025-02-18 15:34:08.595 [main] INFO  o.s.d.r.config.RepositoryConfigurationDelegate-Bootstrapping Spring Data Redis repositories in DEFAULT mode.
2025-02-18 15:34:08.614 [main] INFO  o.s.d.r.config.RepositoryConfigurationDelegate-Finished Spring Data repository scanning in 8 ms. Found 0 Redis repository interfaces.
2025-02-18 15:34:09.020 [main] INFO  o.s.boot.web.embedded.tomcat.TomcatWebServer-Tomcat initialized with port 8080 (http)
2025-02-18 15:34:09.029 [main] INFO  org.apache.coyote.http11.Http11NioProtocol-Initializing ProtocolHandler ["http-nio-8080"]
2025-02-18 15:34:09.030 [main] INFO  org.apache.catalina.core.StandardService-Starting service [Tomcat]
2025-02-18 15:34:09.030 [main] INFO  org.apache.catalina.core.StandardEngine-Starting Servlet engine: [Apache Tomcat/10.1.34]
2025-02-18 15:34:09.078 [main] INFO  o.a.c.core.ContainerBase.[Tomcat].[localhost].[/]-Initializing Spring embedded WebApplicationContext
2025-02-18 15:34:09.078 [main] INFO  o.s.b.w.s.c.ServletWebServerApplicationContext-Root WebApplicationContext: initialization completed in 926 ms
2025-02-18 15:34:09.806 [main] INFO  org.apache.coyote.http11.Http11NioProtocol-Starting ProtocolHandler ["http-nio-8080"]
2025-02-18 15:34:09.822 [main] INFO  o.s.boot.web.embedded.tomcat.TomcatWebServer-Tomcat started on port 8080 (http) with context path '/'
2025-02-18 15:34:09.829 [main] INFO  com.whl.tlias.TliasApplication-Started TliasApplication in 1.966 seconds (process running for 2.694)
2025-02-18 15:34:16.297 [http-nio-8080-exec-2] INFO  o.a.c.core.ContainerBase.[Tomcat].[localhost].[/]-Initializing Spring DispatcherServlet 'dispatcherServlet'
2025-02-18 15:34:16.298 [http-nio-8080-exec-2] INFO  org.springframework.web.servlet.DispatcherServlet-Initializing Servlet 'dispatcherServlet'
2025-02-18 15:34:16.298 [http-nio-8080-exec-2] INFO  org.springframework.web.servlet.DispatcherServlet-Completed initialization in 0 ms
2025-02-18 15:34:16.341 [http-nio-8080-exec-2] INFO  com.zaxxer.hikari.HikariDataSource-HikariPool-1 - Starting...
2025-02-18 15:34:16.601 [http-nio-8080-exec-2] INFO  com.zaxxer.hikari.pool.HikariPool-HikariPool-1 - Added connection com.mysql.cj.jdbc.ConnectionImpl@2f6dc6da
2025-02-18 15:34:16.602 [http-nio-8080-exec-2] INFO  com.zaxxer.hikari.HikariDataSource-HikariPool-1 - Start completed.
2025-02-18 15:36:11.861 [SpringApplicationShutdownHook] INFO  o.s.boot.web.embedded.tomcat.GracefulShutdown-Commencing graceful shutdown. Waiting for active requests to complete
2025-02-18 15:36:12.274 [tomcat-shutdown] INFO  o.s.boot.web.embedded.tomcat.GracefulShutdown-Graceful shutdown complete
2025-02-18 15:36:12.283 [SpringApplicationShutdownHook] INFO  com.zaxxer.hikari.HikariDataSource-HikariPool-1 - Shutdown initiated...
2025-02-18 15:36:12.300 [SpringApplicationShutdownHook] INFO  com.zaxxer.hikari.HikariDataSource-HikariPool-1 - Shutdown completed.
2025-02-18 15:36:18.159 [main] INFO  com.whl.tlias.TliasApplication-Starting TliasApplication using Java 17.0.12 with PID 15804 (D:\JAVA学习项目\后端\SpringBootWeb案例\tlias\target\classes started by 86195 in D:\JAVA学习项目\后端\SpringBootWeb案例)
2025-02-18 15:36:18.161 [main] INFO  com.whl.tlias.TliasApplication-No active profile set, falling back to 1 default profile: "default"
2025-02-18 15:36:18.631 [main] INFO  o.s.d.r.config.RepositoryConfigurationDelegate-Multiple Spring Data modules found, entering strict repository configuration mode
2025-02-18 15:36:18.633 [main] INFO  o.s.d.r.config.RepositoryConfigurationDelegate-Bootstrapping Spring Data Redis repositories in DEFAULT mode.
2025-02-18 15:36:18.655 [main] INFO  o.s.d.r.config.RepositoryConfigurationDelegate-Finished Spring Data repository scanning in 8 ms. Found 0 Redis repository interfaces.
2025-02-18 15:36:19.085 [main] INFO  o.s.boot.web.embedded.tomcat.TomcatWebServer-Tomcat initialized with port 8080 (http)
2025-02-18 15:36:19.095 [main] INFO  org.apache.coyote.http11.Http11NioProtocol-Initializing ProtocolHandler ["http-nio-8080"]
2025-02-18 15:36:19.096 [main] INFO  org.apache.catalina.core.StandardService-Starting service [Tomcat]
2025-02-18 15:36:19.096 [main] INFO  org.apache.catalina.core.StandardEngine-Starting Servlet engine: [Apache Tomcat/10.1.34]
2025-02-18 15:36:19.145 [main] INFO  o.a.c.core.ContainerBase.[Tomcat].[localhost].[/]-Initializing Spring embedded WebApplicationContext
2025-02-18 15:36:19.146 [main] INFO  o.s.b.w.s.c.ServletWebServerApplicationContext-Root WebApplicationContext: initialization completed in 954 ms
2025-02-18 15:36:19.884 [main] INFO  org.apache.coyote.http11.Http11NioProtocol-Starting ProtocolHandler ["http-nio-8080"]
2025-02-18 15:36:19.901 [main] INFO  o.s.boot.web.embedded.tomcat.TomcatWebServer-Tomcat started on port 8080 (http) with context path '/'
2025-02-18 15:36:19.908 [main] INFO  com.whl.tlias.TliasApplication-Started TliasApplication in 2.002 seconds (process running for 2.693)
2025-02-18 15:36:31.595 [http-nio-8080-exec-1] INFO  o.a.c.core.ContainerBase.[Tomcat].[localhost].[/]-Initializing Spring DispatcherServlet 'dispatcherServlet'
2025-02-18 15:36:31.595 [http-nio-8080-exec-1] INFO  org.springframework.web.servlet.DispatcherServlet-Initializing Servlet 'dispatcherServlet'
2025-02-18 15:36:31.596 [http-nio-8080-exec-1] INFO  org.springframework.web.servlet.DispatcherServlet-Completed initialization in 1 ms
2025-02-18 15:36:31.954 [http-nio-8080-exec-1] INFO  com.zaxxer.hikari.HikariDataSource-HikariPool-1 - Starting...
2025-02-18 15:36:32.199 [http-nio-8080-exec-1] INFO  com.zaxxer.hikari.pool.HikariPool-HikariPool-1 - Added connection com.mysql.cj.jdbc.ConnectionImpl@8ec538c
2025-02-18 15:36:32.200 [http-nio-8080-exec-1] INFO  com.zaxxer.hikari.HikariDataSource-HikariPool-1 - Start completed.
2025-02-18 15:38:56.798 [lettuce-nioEventLoop-4-1] INFO  io.lettuce.core.protocol.CommandHandler-null Unexpected exception during request: java.net.SocketException: Connection reset
java.net.SocketException: Connection reset
	at java.base/sun.nio.ch.SocketChannelImpl.throwConnectionReset(SocketChannelImpl.java:394)
	at java.base/sun.nio.ch.SocketChannelImpl.read(SocketChannelImpl.java:426)
	at io.netty.buffer.PooledByteBuf.setBytes(PooledByteBuf.java:255)
	at io.netty.buffer.AbstractByteBuf.writeBytes(AbstractByteBuf.java:1132)
	at io.netty.channel.socket.nio.NioSocketChannel.doReadBytes(NioSocketChannel.java:356)
	at io.netty.channel.nio.AbstractNioByteChannel$NioByteUnsafe.read(AbstractNioByteChannel.java:151)
	at io.netty.channel.nio.NioEventLoop.processSelectedKey(NioEventLoop.java:788)
	at io.netty.channel.nio.NioEventLoop.processSelectedKeysOptimized(NioEventLoop.java:724)
	at io.netty.channel.nio.NioEventLoop.processSelectedKeys(NioEventLoop.java:650)
	at io.netty.channel.nio.NioEventLoop.run(NioEventLoop.java:562)
	at io.netty.util.concurrent.SingleThreadEventExecutor$4.run(SingleThreadEventExecutor.java:997)
	at io.netty.util.internal.ThreadExecutorMap$2.run(ThreadExecutorMap.java:74)
	at io.netty.util.concurrent.FastThreadLocalRunnable.run(FastThreadLocalRunnable.java:30)
	at java.base/java.lang.Thread.run(Thread.java:842)
2025-02-18 15:38:56.858 [lettuce-eventExecutorLoop-1-1] INFO  io.lettuce.core.protocol.ConnectionWatchdog-Reconnecting, last destination was localhost/127.0.0.1:6379
2025-02-18 15:38:56.865 [lettuce-nioEventLoop-4-2] WARN  io.lettuce.core.protocol.ConnectionWatchdog-Cannot reconnect to [localhost/<unresolved>:6379]: Connection refused: no further information: localhost/127.0.0.1:6379
2025-02-18 15:40:28.548 [main] INFO  com.whl.tlias.TliasApplication-Starting TliasApplication using Java 17.0.12 with PID 18844 (D:\JAVA学习项目\后端\SpringBootWeb案例\tlias\target\classes started by 86195 in D:\JAVA学习项目\后端\SpringBootWeb案例)
2025-02-18 15:40:28.549 [main] INFO  com.whl.tlias.TliasApplication-No active profile set, falling back to 1 default profile: "default"
2025-02-18 15:40:28.983 [main] INFO  o.s.d.r.config.RepositoryConfigurationDelegate-Multiple Spring Data modules found, entering strict repository configuration mode
2025-02-18 15:40:28.985 [main] INFO  o.s.d.r.config.RepositoryConfigurationDelegate-Bootstrapping Spring Data Redis repositories in DEFAULT mode.
2025-02-18 15:40:29.004 [main] INFO  o.s.d.r.config.RepositoryConfigurationDelegate-Finished Spring Data repository scanning in 8 ms. Found 0 Redis repository interfaces.
2025-02-18 15:40:29.428 [main] INFO  o.s.boot.web.embedded.tomcat.TomcatWebServer-Tomcat initialized with port 8080 (http)
2025-02-18 15:40:29.439 [main] INFO  org.apache.coyote.http11.Http11NioProtocol-Initializing ProtocolHandler ["http-nio-8080"]
2025-02-18 15:40:29.441 [main] INFO  org.apache.catalina.core.StandardService-Starting service [Tomcat]
2025-02-18 15:40:29.441 [main] INFO  org.apache.catalina.core.StandardEngine-Starting Servlet engine: [Apache Tomcat/10.1.34]
2025-02-18 15:40:29.491 [main] INFO  o.a.c.core.ContainerBase.[Tomcat].[localhost].[/]-Initializing Spring embedded WebApplicationContext
2025-02-18 15:40:29.491 [main] INFO  o.s.b.w.s.c.ServletWebServerApplicationContext-Root WebApplicationContext: initialization completed in 914 ms
2025-02-18 15:40:30.184 [main] INFO  org.apache.coyote.http11.Http11NioProtocol-Starting ProtocolHandler ["http-nio-8080"]
2025-02-18 15:40:30.206 [main] INFO  o.s.boot.web.embedded.tomcat.TomcatWebServer-Tomcat started on port 8080 (http) with context path '/'
2025-02-18 15:40:30.213 [main] INFO  com.whl.tlias.TliasApplication-Started TliasApplication in 1.902 seconds (process running for 2.699)
2025-02-18 15:40:37.529 [http-nio-8080-exec-1] INFO  o.a.c.core.ContainerBase.[Tomcat].[localhost].[/]-Initializing Spring DispatcherServlet 'dispatcherServlet'
2025-02-18 15:40:37.529 [http-nio-8080-exec-1] INFO  org.springframework.web.servlet.DispatcherServlet-Initializing Servlet 'dispatcherServlet'
2025-02-18 15:40:37.530 [http-nio-8080-exec-1] INFO  org.springframework.web.servlet.DispatcherServlet-Completed initialization in 1 ms
2025-02-18 15:40:37.559 [http-nio-8080-exec-1] DEBUG o.s.jdbc.support.JdbcTransactionManager-Creating new transaction with name [com.whl.tlias.service.impl.EmpServiceImpl.delete]: PROPAGATION_REQUIRED,ISOLATION_DEFAULT,-java.lang.Exception
2025-02-18 15:40:37.559 [http-nio-8080-exec-1] INFO  com.zaxxer.hikari.HikariDataSource-HikariPool-1 - Starting...
2025-02-18 15:40:37.769 [http-nio-8080-exec-1] INFO  com.zaxxer.hikari.pool.HikariPool-HikariPool-1 - Added connection com.mysql.cj.jdbc.ConnectionImpl@541ee004
2025-02-18 15:40:37.770 [http-nio-8080-exec-1] INFO  com.zaxxer.hikari.HikariDataSource-HikariPool-1 - Start completed.
2025-02-18 15:40:37.772 [http-nio-8080-exec-1] DEBUG o.s.jdbc.support.JdbcTransactionManager-Acquired Connection [HikariProxyConnection@1894814492 wrapping com.mysql.cj.jdbc.ConnectionImpl@541ee004] for JDBC transaction
2025-02-18 15:40:37.775 [http-nio-8080-exec-1] DEBUG o.s.jdbc.support.JdbcTransactionManager-Switching JDBC Connection [HikariProxyConnection@1894814492 wrapping com.mysql.cj.jdbc.ConnectionImpl@541ee004] to manual commit
2025-02-18 15:40:37.826 [http-nio-8080-exec-1] DEBUG o.s.jdbc.support.JdbcTransactionManager-Initiating transaction commit
2025-02-18 15:40:37.826 [http-nio-8080-exec-1] DEBUG o.s.jdbc.support.JdbcTransactionManager-Committing JDBC transaction on Connection [HikariProxyConnection@1894814492 wrapping com.mysql.cj.jdbc.ConnectionImpl@541ee004]
2025-02-18 15:40:37.827 [http-nio-8080-exec-1] DEBUG o.s.jdbc.support.JdbcTransactionManager-Releasing JDBC Connection [HikariProxyConnection@1894814492 wrapping com.mysql.cj.jdbc.ConnectionImpl@541ee004] after transaction
2025-02-18 15:50:33.640 [main] INFO  o.s.t.c.support.AnnotationConfigContextLoaderUtils-Could not detect default configuration classes for test class [com.whl.tlias.config.SpringDataRedisTest]: SpringDataRedisTest does not declare any static, non-private, non-final, nested classes annotated with @Configuration.
2025-02-18 15:50:33.757 [main] INFO  o.s.b.t.context.SpringBootTestContextBootstrapper-Found @SpringBootConfiguration com.whl.tlias.TliasApplication for test class com.whl.tlias.config.SpringDataRedisTest
2025-02-18 15:50:34.157 [main] INFO  com.whl.tlias.config.SpringDataRedisTest-Starting SpringDataRedisTest using Java 17.0.12 with PID 24500 (started by 86195 in D:\JAVA学习项目\后端\SpringBootWeb案例\tlias)
2025-02-18 15:50:34.158 [main] INFO  com.whl.tlias.config.SpringDataRedisTest-No active profile set, falling back to 1 default profile: "default"
2025-02-18 15:50:34.930 [main] INFO  o.s.d.r.config.RepositoryConfigurationDelegate-Multiple Spring Data modules found, entering strict repository configuration mode
2025-02-18 15:50:34.933 [main] INFO  o.s.d.r.config.RepositoryConfigurationDelegate-Bootstrapping Spring Data Redis repositories in DEFAULT mode.
2025-02-18 15:50:34.972 [main] INFO  o.s.d.r.config.RepositoryConfigurationDelegate-Finished Spring Data repository scanning in 17 ms. Found 0 Redis repository interfaces.
2025-02-18 15:50:36.987 [main] INFO  com.whl.tlias.config.SpringDataRedisTest-Started SpringDataRedisTest in 3.087 seconds (process running for 4.526)
2025-02-18 15:55:31.614 [SpringApplicationShutdownHook] INFO  o.s.boot.web.embedded.tomcat.GracefulShutdown-Commencing graceful shutdown. Waiting for active requests to complete
2025-02-18 15:55:31.777 [tomcat-shutdown] INFO  o.s.boot.web.embedded.tomcat.GracefulShutdown-Graceful shutdown complete
2025-02-18 15:55:31.790 [SpringApplicationShutdownHook] INFO  com.zaxxer.hikari.HikariDataSource-HikariPool-1 - Shutdown initiated...
2025-02-18 15:55:31.796 [SpringApplicationShutdownHook] INFO  com.zaxxer.hikari.HikariDataSource-HikariPool-1 - Shutdown completed.
2025-02-18 15:55:34.297 [main] INFO  com.whl.tlias.TliasApplication-Starting TliasApplication using Java 17.0.12 with PID 17144 (D:\JAVA学习项目\后端\SpringBootWeb案例\tlias\target\classes started by 86195 in D:\JAVA学习项目\后端\SpringBootWeb案例)
2025-02-18 15:55:34.300 [main] INFO  com.whl.tlias.TliasApplication-No active profile set, falling back to 1 default profile: "default"
2025-02-18 15:55:34.810 [main] INFO  o.s.d.r.config.RepositoryConfigurationDelegate-Multiple Spring Data modules found, entering strict repository configuration mode
2025-02-18 15:55:34.812 [main] INFO  o.s.d.r.config.RepositoryConfigurationDelegate-Bootstrapping Spring Data Redis repositories in DEFAULT mode.
2025-02-18 15:55:34.832 [main] INFO  o.s.d.r.config.RepositoryConfigurationDelegate-Finished Spring Data repository scanning in 8 ms. Found 0 Redis repository interfaces.
2025-02-18 15:55:35.239 [main] INFO  o.s.boot.web.embedded.tomcat.TomcatWebServer-Tomcat initialized with port 8080 (http)
2025-02-18 15:55:35.247 [main] INFO  org.apache.coyote.http11.Http11NioProtocol-Initializing ProtocolHandler ["http-nio-8080"]
2025-02-18 15:55:35.248 [main] INFO  org.apache.catalina.core.StandardService-Starting service [Tomcat]
2025-02-18 15:55:35.249 [main] INFO  org.apache.catalina.core.StandardEngine-Starting Servlet engine: [Apache Tomcat/10.1.34]
2025-02-18 15:55:35.296 [main] INFO  o.a.c.core.ContainerBase.[Tomcat].[localhost].[/]-Initializing Spring embedded WebApplicationContext
2025-02-18 15:55:35.297 [main] INFO  o.s.b.w.s.c.ServletWebServerApplicationContext-Root WebApplicationContext: initialization completed in 961 ms
2025-02-18 15:55:36.063 [main] INFO  org.apache.coyote.http11.Http11NioProtocol-Starting ProtocolHandler ["http-nio-8080"]
2025-02-18 15:55:36.078 [main] INFO  o.s.boot.web.embedded.tomcat.TomcatWebServer-Tomcat started on port 8080 (http) with context path '/'
2025-02-18 15:55:36.084 [main] INFO  com.whl.tlias.TliasApplication-Started TliasApplication in 2.108 seconds (process running for 2.957)
2025-02-18 15:55:45.962 [http-nio-8080-exec-2] INFO  o.a.c.core.ContainerBase.[Tomcat].[localhost].[/]-Initializing Spring DispatcherServlet 'dispatcherServlet'
2025-02-18 15:55:45.962 [http-nio-8080-exec-2] INFO  org.springframework.web.servlet.DispatcherServlet-Initializing Servlet 'dispatcherServlet'
2025-02-18 15:55:45.963 [http-nio-8080-exec-2] INFO  org.springframework.web.servlet.DispatcherServlet-Completed initialization in 1 ms
2025-02-18 15:56:35.685 [http-nio-8080-exec-2] INFO  com.zaxxer.hikari.HikariDataSource-HikariPool-1 - Starting...
2025-02-18 15:56:36.485 [http-nio-8080-exec-2] INFO  com.zaxxer.hikari.pool.HikariPool-HikariPool-1 - Added connection com.mysql.cj.jdbc.ConnectionImpl@4f53750a
2025-02-18 15:56:36.488 [http-nio-8080-exec-2] INFO  com.zaxxer.hikari.HikariDataSource-HikariPool-1 - Start completed.
2025-02-18 15:58:49.809 [HikariPool-1 housekeeper] WARN  com.zaxxer.hikari.pool.HikariPool-HikariPool-1 - Thread starvation or clock leap detected (housekeeper delta=1m39s627ms142µs900ns).
2025-02-18 15:59:22.225 [SpringApplicationShutdownHook] INFO  o.s.boot.web.embedded.tomcat.GracefulShutdown-Commencing graceful shutdown. Waiting for active requests to complete
2025-02-18 15:59:22.354 [tomcat-shutdown] INFO  o.s.boot.web.embedded.tomcat.GracefulShutdown-Graceful shutdown complete
2025-02-18 15:59:22.366 [SpringApplicationShutdownHook] INFO  com.zaxxer.hikari.HikariDataSource-HikariPool-1 - Shutdown initiated...
2025-02-18 15:59:22.370 [SpringApplicationShutdownHook] INFO  com.zaxxer.hikari.HikariDataSource-HikariPool-1 - Shutdown completed.
2025-02-18 15:59:28.297 [main] INFO  com.whl.tlias.TliasApplication-Starting TliasApplication using Java 17.0.12 with PID 27376 (D:\JAVA学习项目\后端\SpringBootWeb案例\tlias\target\classes started by 86195 in D:\JAVA学习项目\后端\SpringBootWeb案例)
2025-02-18 15:59:28.299 [main] INFO  com.whl.tlias.TliasApplication-No active profile set, falling back to 1 default profile: "default"
2025-02-18 15:59:28.769 [main] INFO  o.s.d.r.config.RepositoryConfigurationDelegate-Multiple Spring Data modules found, entering strict repository configuration mode
2025-02-18 15:59:28.771 [main] INFO  o.s.d.r.config.RepositoryConfigurationDelegate-Bootstrapping Spring Data Redis repositories in DEFAULT mode.
2025-02-18 15:59:28.791 [main] INFO  o.s.d.r.config.RepositoryConfigurationDelegate-Finished Spring Data repository scanning in 8 ms. Found 0 Redis repository interfaces.
2025-02-18 15:59:29.181 [main] INFO  o.s.boot.web.embedded.tomcat.TomcatWebServer-Tomcat initialized with port 8080 (http)
2025-02-18 15:59:29.189 [main] INFO  org.apache.coyote.http11.Http11NioProtocol-Initializing ProtocolHandler ["http-nio-8080"]
2025-02-18 15:59:29.190 [main] INFO  org.apache.catalina.core.StandardService-Starting service [Tomcat]
2025-02-18 15:59:29.191 [main] INFO  org.apache.catalina.core.StandardEngine-Starting Servlet engine: [Apache Tomcat/10.1.34]
2025-02-18 15:59:29.234 [main] INFO  o.a.c.core.ContainerBase.[Tomcat].[localhost].[/]-Initializing Spring embedded WebApplicationContext
2025-02-18 15:59:29.234 [main] INFO  o.s.b.w.s.c.ServletWebServerApplicationContext-Root WebApplicationContext: initialization completed in 906 ms
2025-02-18 15:59:29.944 [main] INFO  org.apache.coyote.http11.Http11NioProtocol-Starting ProtocolHandler ["http-nio-8080"]
2025-02-18 15:59:29.958 [main] INFO  o.s.boot.web.embedded.tomcat.TomcatWebServer-Tomcat started on port 8080 (http) with context path '/'
2025-02-18 15:59:29.965 [main] INFO  com.whl.tlias.TliasApplication-Started TliasApplication in 1.921 seconds (process running for 2.62)
2025-02-18 15:59:34.797 [http-nio-8080-exec-1] INFO  o.a.c.core.ContainerBase.[Tomcat].[localhost].[/]-Initializing Spring DispatcherServlet 'dispatcherServlet'
2025-02-18 15:59:34.797 [http-nio-8080-exec-1] INFO  org.springframework.web.servlet.DispatcherServlet-Initializing Servlet 'dispatcherServlet'
2025-02-18 15:59:34.798 [http-nio-8080-exec-1] INFO  org.springframework.web.servlet.DispatcherServlet-Completed initialization in 1 ms
2025-02-18 15:59:44.226 [http-nio-8080-exec-1] INFO  com.zaxxer.hikari.HikariDataSource-HikariPool-1 - Starting...
2025-02-18 15:59:44.946 [http-nio-8080-exec-1] INFO  com.zaxxer.hikari.pool.HikariPool-HikariPool-1 - Added connection com.mysql.cj.jdbc.ConnectionImpl@5cefb3f2
2025-02-18 15:59:44.950 [http-nio-8080-exec-1] INFO  com.zaxxer.hikari.HikariDataSource-HikariPool-1 - Start completed.
2025-02-18 16:03:30.069 [SpringApplicationShutdownHook] INFO  o.s.boot.web.embedded.tomcat.GracefulShutdown-Commencing graceful shutdown. Waiting for active requests to complete
2025-02-18 16:03:30.211 [tomcat-shutdown] INFO  o.s.boot.web.embedded.tomcat.GracefulShutdown-Graceful shutdown complete
2025-02-18 16:03:30.227 [SpringApplicationShutdownHook] INFO  com.zaxxer.hikari.HikariDataSource-HikariPool-1 - Shutdown initiated...
2025-02-18 16:03:30.233 [SpringApplicationShutdownHook] INFO  com.zaxxer.hikari.HikariDataSource-HikariPool-1 - Shutdown completed.
2025-02-18 16:03:36.313 [main] INFO  com.whl.tlias.TliasApplication-Starting TliasApplication using Java 17.0.12 with PID 1508 (D:\JAVA学习项目\后端\SpringBootWeb案例\tlias\target\classes started by 86195 in D:\JAVA学习项目\后端\SpringBootWeb案例)
2025-02-18 16:03:36.314 [main] INFO  com.whl.tlias.TliasApplication-No active profile set, falling back to 1 default profile: "default"
2025-02-18 16:03:36.768 [main] INFO  o.s.d.r.config.RepositoryConfigurationDelegate-Multiple Spring Data modules found, entering strict repository configuration mode
2025-02-18 16:03:36.770 [main] INFO  o.s.d.r.config.RepositoryConfigurationDelegate-Bootstrapping Spring Data Redis repositories in DEFAULT mode.
2025-02-18 16:03:36.789 [main] INFO  o.s.d.r.config.RepositoryConfigurationDelegate-Finished Spring Data repository scanning in 8 ms. Found 0 Redis repository interfaces.
2025-02-18 16:03:37.177 [main] INFO  o.s.boot.web.embedded.tomcat.TomcatWebServer-Tomcat initialized with port 8080 (http)
2025-02-18 16:03:37.186 [main] INFO  org.apache.coyote.http11.Http11NioProtocol-Initializing ProtocolHandler ["http-nio-8080"]
2025-02-18 16:03:37.189 [main] INFO  org.apache.catalina.core.StandardService-Starting service [Tomcat]
2025-02-18 16:03:37.189 [main] INFO  org.apache.catalina.core.StandardEngine-Starting Servlet engine: [Apache Tomcat/10.1.34]
2025-02-18 16:03:37.233 [main] INFO  o.a.c.core.ContainerBase.[Tomcat].[localhost].[/]-Initializing Spring embedded WebApplicationContext
2025-02-18 16:03:37.233 [main] INFO  o.s.b.w.s.c.ServletWebServerApplicationContext-Root WebApplicationContext: initialization completed in 892 ms
2025-02-18 16:03:38.007 [main] INFO  org.apache.coyote.http11.Http11NioProtocol-Starting ProtocolHandler ["http-nio-8080"]
2025-02-18 16:03:38.024 [main] INFO  o.s.boot.web.embedded.tomcat.TomcatWebServer-Tomcat started on port 8080 (http) with context path '/'
2025-02-18 16:03:38.032 [main] INFO  com.whl.tlias.TliasApplication-Started TliasApplication in 1.962 seconds (process running for 2.679)
2025-02-18 16:03:40.767 [http-nio-8080-exec-1] INFO  o.a.c.core.ContainerBase.[Tomcat].[localhost].[/]-Initializing Spring DispatcherServlet 'dispatcherServlet'
2025-02-18 16:03:40.767 [http-nio-8080-exec-1] INFO  org.springframework.web.servlet.DispatcherServlet-Initializing Servlet 'dispatcherServlet'
2025-02-18 16:03:40.768 [http-nio-8080-exec-1] INFO  org.springframework.web.servlet.DispatcherServlet-Completed initialization in 0 ms
2025-02-18 16:03:44.532 [http-nio-8080-exec-1] INFO  com.zaxxer.hikari.HikariDataSource-HikariPool-1 - Starting...
2025-02-18 16:03:44.744 [http-nio-8080-exec-1] INFO  com.zaxxer.hikari.pool.HikariPool-HikariPool-1 - Added connection com.mysql.cj.jdbc.ConnectionImpl@7f144f3d
2025-02-18 16:03:44.745 [http-nio-8080-exec-1] INFO  com.zaxxer.hikari.HikariDataSource-HikariPool-1 - Start completed.
2025-02-18 16:06:05.328 [SpringApplicationShutdownHook] INFO  o.s.boot.web.embedded.tomcat.GracefulShutdown-Commencing graceful shutdown. Waiting for active requests to complete
2025-02-18 16:06:05.464 [tomcat-shutdown] INFO  o.s.boot.web.embedded.tomcat.GracefulShutdown-Graceful shutdown complete
2025-02-18 16:06:05.478 [SpringApplicationShutdownHook] INFO  com.zaxxer.hikari.HikariDataSource-HikariPool-1 - Shutdown initiated...
2025-02-18 16:06:05.492 [SpringApplicationShutdownHook] INFO  com.zaxxer.hikari.HikariDataSource-HikariPool-1 - Shutdown completed.
2025-02-18 16:06:11.453 [main] INFO  com.whl.tlias.TliasApplication-Starting TliasApplication using Java 17.0.12 with PID 5012 (D:\JAVA学习项目\后端\SpringBootWeb案例\tlias\target\classes started by 86195 in D:\JAVA学习项目\后端\SpringBootWeb案例)
2025-02-18 16:06:11.455 [main] INFO  com.whl.tlias.TliasApplication-No active profile set, falling back to 1 default profile: "default"
2025-02-18 16:06:11.925 [main] INFO  o.s.d.r.config.RepositoryConfigurationDelegate-Multiple Spring Data modules found, entering strict repository configuration mode
2025-02-18 16:06:11.926 [main] INFO  o.s.d.r.config.RepositoryConfigurationDelegate-Bootstrapping Spring Data Redis repositories in DEFAULT mode.
2025-02-18 16:06:11.946 [main] INFO  o.s.d.r.config.RepositoryConfigurationDelegate-Finished Spring Data repository scanning in 8 ms. Found 0 Redis repository interfaces.
2025-02-18 16:06:12.401 [main] INFO  o.s.boot.web.embedded.tomcat.TomcatWebServer-Tomcat initialized with port 8080 (http)
2025-02-18 16:06:12.411 [main] INFO  org.apache.coyote.http11.Http11NioProtocol-Initializing ProtocolHandler ["http-nio-8080"]
2025-02-18 16:06:12.413 [main] INFO  org.apache.catalina.core.StandardService-Starting service [Tomcat]
2025-02-18 16:06:12.413 [main] INFO  org.apache.catalina.core.StandardEngine-Starting Servlet engine: [Apache Tomcat/10.1.34]
2025-02-18 16:06:12.464 [main] INFO  o.a.c.core.ContainerBase.[Tomcat].[localhost].[/]-Initializing Spring embedded WebApplicationContext
2025-02-18 16:06:12.464 [main] INFO  o.s.b.w.s.c.ServletWebServerApplicationContext-Root WebApplicationContext: initialization completed in 980 ms
2025-02-18 16:06:13.228 [main] INFO  org.apache.coyote.http11.Http11NioProtocol-Starting ProtocolHandler ["http-nio-8080"]
2025-02-18 16:06:13.244 [main] INFO  o.s.boot.web.embedded.tomcat.TomcatWebServer-Tomcat started on port 8080 (http) with context path '/'
2025-02-18 16:06:13.255 [main] INFO  com.whl.tlias.TliasApplication-Started TliasApplication in 2.039 seconds (process running for 2.759)
2025-02-18 16:06:16.584 [http-nio-8080-exec-2] INFO  o.a.c.core.ContainerBase.[Tomcat].[localhost].[/]-Initializing Spring DispatcherServlet 'dispatcherServlet'
2025-02-18 16:06:16.584 [http-nio-8080-exec-2] INFO  org.springframework.web.servlet.DispatcherServlet-Initializing Servlet 'dispatcherServlet'
2025-02-18 16:06:16.586 [http-nio-8080-exec-2] INFO  org.springframework.web.servlet.DispatcherServlet-Completed initialization in 2 ms
2025-02-18 16:06:19.423 [http-nio-8080-exec-2] INFO  com.zaxxer.hikari.HikariDataSource-HikariPool-1 - Starting...
2025-02-18 16:06:19.642 [http-nio-8080-exec-2] INFO  com.zaxxer.hikari.pool.HikariPool-HikariPool-1 - Added connection com.mysql.cj.jdbc.ConnectionImpl@7267cc85
2025-02-18 16:06:19.644 [http-nio-8080-exec-2] INFO  com.zaxxer.hikari.HikariDataSource-HikariPool-1 - Start completed.
2025-02-18 16:08:17.960 [SpringApplicationShutdownHook] INFO  o.s.boot.web.embedded.tomcat.GracefulShutdown-Commencing graceful shutdown. Waiting for active requests to complete
2025-02-18 16:08:18.104 [tomcat-shutdown] INFO  o.s.boot.web.embedded.tomcat.GracefulShutdown-Graceful shutdown complete
2025-02-18 16:08:18.118 [SpringApplicationShutdownHook] INFO  com.zaxxer.hikari.HikariDataSource-HikariPool-1 - Shutdown initiated...
2025-02-18 16:08:18.124 [SpringApplicationShutdownHook] INFO  com.zaxxer.hikari.HikariDataSource-HikariPool-1 - Shutdown completed.
2025-02-18 16:08:24.020 [main] INFO  com.whl.tlias.TliasApplication-Starting TliasApplication using Java 17.0.12 with PID 22048 (D:\JAVA学习项目\后端\SpringBootWeb案例\tlias\target\classes started by 86195 in D:\JAVA学习项目\后端\SpringBootWeb案例)
2025-02-18 16:08:24.021 [main] INFO  com.whl.tlias.TliasApplication-No active profile set, falling back to 1 default profile: "default"
2025-02-18 16:08:24.484 [main] INFO  o.s.d.r.config.RepositoryConfigurationDelegate-Multiple Spring Data modules found, entering strict repository configuration mode
2025-02-18 16:08:24.486 [main] INFO  o.s.d.r.config.RepositoryConfigurationDelegate-Bootstrapping Spring Data Redis repositories in DEFAULT mode.
2025-02-18 16:08:24.507 [main] INFO  o.s.d.r.config.RepositoryConfigurationDelegate-Finished Spring Data repository scanning in 9 ms. Found 0 Redis repository interfaces.
2025-02-18 16:08:25.024 [main] INFO  o.s.boot.web.embedded.tomcat.TomcatWebServer-Tomcat initialized with port 8080 (http)
2025-02-18 16:08:25.033 [main] INFO  org.apache.coyote.http11.Http11NioProtocol-Initializing ProtocolHandler ["http-nio-8080"]
2025-02-18 16:08:25.035 [main] INFO  org.apache.catalina.core.StandardService-Starting service [Tomcat]
2025-02-18 16:08:25.035 [main] INFO  org.apache.catalina.core.StandardEngine-Starting Servlet engine: [Apache Tomcat/10.1.34]
2025-02-18 16:08:25.077 [main] INFO  o.a.c.core.ContainerBase.[Tomcat].[localhost].[/]-Initializing Spring embedded WebApplicationContext
2025-02-18 16:08:25.078 [main] INFO  o.s.b.w.s.c.ServletWebServerApplicationContext-Root WebApplicationContext: initialization completed in 1030 ms
2025-02-18 16:08:25.786 [main] INFO  org.apache.coyote.http11.Http11NioProtocol-Starting ProtocolHandler ["http-nio-8080"]
2025-02-18 16:08:25.801 [main] INFO  o.s.boot.web.embedded.tomcat.TomcatWebServer-Tomcat started on port 8080 (http) with context path '/'
2025-02-18 16:08:25.807 [main] INFO  com.whl.tlias.TliasApplication-Started TliasApplication in 2.025 seconds (process running for 2.757)
2025-02-18 16:08:29.650 [http-nio-8080-exec-5] INFO  o.a.c.core.ContainerBase.[Tomcat].[localhost].[/]-Initializing Spring DispatcherServlet 'dispatcherServlet'
2025-02-18 16:08:29.650 [http-nio-8080-exec-5] INFO  org.springframework.web.servlet.DispatcherServlet-Initializing Servlet 'dispatcherServlet'
2025-02-18 16:08:29.651 [http-nio-8080-exec-5] INFO  org.springframework.web.servlet.DispatcherServlet-Completed initialization in 1 ms
2025-02-18 16:08:32.840 [http-nio-8080-exec-5] INFO  com.zaxxer.hikari.HikariDataSource-HikariPool-1 - Starting...
2025-02-18 16:08:33.057 [http-nio-8080-exec-5] INFO  com.zaxxer.hikari.pool.HikariPool-HikariPool-1 - Added connection com.mysql.cj.jdbc.ConnectionImpl@5281df6e
2025-02-18 16:08:33.059 [http-nio-8080-exec-5] INFO  com.zaxxer.hikari.HikariDataSource-HikariPool-1 - Start completed.
2025-02-18 16:08:50.401 [SpringApplicationShutdownHook] INFO  o.s.boot.web.embedded.tomcat.GracefulShutdown-Commencing graceful shutdown. Waiting for active requests to complete
2025-02-18 16:08:50.534 [tomcat-shutdown] INFO  o.s.boot.web.embedded.tomcat.GracefulShutdown-Graceful shutdown complete
2025-02-18 16:08:50.547 [SpringApplicationShutdownHook] INFO  com.zaxxer.hikari.HikariDataSource-HikariPool-1 - Shutdown initiated...
2025-02-18 16:08:50.554 [SpringApplicationShutdownHook] INFO  com.zaxxer.hikari.HikariDataSource-HikariPool-1 - Shutdown completed.
