2025-02-10 16:55:38.457 [main] INFO  com.whl.tlias.TliasApplication-Starting TliasApplication using Java 17.0.12 with PID 9400 (D:\JAVA学习项目\后端\SpringBootWeb案例\tlias\target\classes started by 86195 in D:\JAVA学习项目\后端\SpringBootWeb案例)
2025-02-10 16:55:38.459 [main] INFO  com.whl.tlias.TliasApplication-No active profile set, falling back to 1 default profile: "default"
2025-02-10 16:55:39.229 [main] INFO  o.s.boot.web.embedded.tomcat.TomcatWebServer-Tomcat initialized with port 8080 (http)
2025-02-10 16:55:39.238 [main] INFO  org.apache.coyote.http11.Http11NioProtocol-Initializing ProtocolHandler ["http-nio-8080"]
2025-02-10 16:55:39.239 [main] INFO  org.apache.catalina.core.StandardService-Starting service [Tomcat]
2025-02-10 16:55:39.239 [main] INFO  org.apache.catalina.core.StandardEngine-Starting Servlet engine: [Apache Tomcat/10.1.34]
2025-02-10 16:55:39.284 [main] INFO  o.a.c.core.ContainerBase.[Tomcat].[localhost].[/]-Initializing Spring embedded WebApplicationContext
2025-02-10 16:55:39.284 [main] INFO  o.s.b.w.s.c.ServletWebServerApplicationContext-Root WebApplicationContext: initialization completed in 794 ms
2025-02-10 16:55:39.330 [main] WARN  o.s.b.w.s.c.AnnotationConfigServletWebServerApplicationContext-Exception encountered during context initialization - cancelling refresh attempt: org.springframework.beans.factory.UnsatisfiedDependencyException: Error creating bean with name 'deptController': Unsatisfied dependency expressed through field 'deptService': Error creating bean with name 'deptServiceImpl' defined in file [D:\JAVA学习项目\后端\SpringBootWeb案例\tlias\target\classes\com\whl\tlias\service\impl\DeptServiceImpl.class]: Unsatisfied dependency expressed through constructor parameter 0: Error creating bean with name 'deptMapper' defined in file [D:\JAVA学习项目\后端\SpringBootWeb案例\tlias\target\classes\com\whl\tlias\mapper\DeptMapper.class]: Cannot resolve reference to bean 'sqlSessionTemplate' while setting bean property 'sqlSessionTemplate'
2025-02-10 16:55:39.332 [main] INFO  org.apache.catalina.core.StandardService-Stopping service [Tomcat]
2025-02-10 16:55:39.357 [main] INFO  o.s.b.a.logging.ConditionEvaluationReportLogger-

Error starting ApplicationContext. To display the condition evaluation report re-run your application with 'debug' enabled.
2025-02-10 16:55:39.369 [main] ERROR o.s.b.diagnostics.LoggingFailureAnalysisReporter-

***************************
APPLICATION FAILED TO START
***************************

Description:

Failed to configure a DataSource: 'url' attribute is not specified and no embedded datasource could be configured.

Reason: Failed to determine a suitable driver class


Action:

Consider the following:
	If you want an embedded database (H2, HSQL or Derby), please put it on the classpath.
	If you have database settings to be loaded from a particular profile you may need to activate it (no profiles are currently active).

2025-02-10 16:56:06.457 [main] INFO  com.whl.tlias.TliasApplication-Starting TliasApplication using Java 17.0.12 with PID 28764 (D:\JAVA学习项目\后端\SpringBootWeb案例\tlias\target\classes started by 86195 in D:\JAVA学习项目\后端\SpringBootWeb案例)
2025-02-10 16:56:06.459 [main] INFO  com.whl.tlias.TliasApplication-No active profile set, falling back to 1 default profile: "default"
2025-02-10 16:56:07.184 [main] INFO  o.s.boot.web.embedded.tomcat.TomcatWebServer-Tomcat initialized with port 8080 (http)
2025-02-10 16:56:07.193 [main] INFO  org.apache.coyote.http11.Http11NioProtocol-Initializing ProtocolHandler ["http-nio-8080"]
2025-02-10 16:56:07.194 [main] INFO  org.apache.catalina.core.StandardService-Starting service [Tomcat]
2025-02-10 16:56:07.195 [main] INFO  org.apache.catalina.core.StandardEngine-Starting Servlet engine: [Apache Tomcat/10.1.34]
2025-02-10 16:56:07.240 [main] INFO  o.a.c.core.ContainerBase.[Tomcat].[localhost].[/]-Initializing Spring embedded WebApplicationContext
2025-02-10 16:56:07.240 [main] INFO  o.s.b.w.s.c.ServletWebServerApplicationContext-Root WebApplicationContext: initialization completed in 753 ms
2025-02-10 16:56:07.288 [main] WARN  o.s.b.w.s.c.AnnotationConfigServletWebServerApplicationContext-Exception encountered during context initialization - cancelling refresh attempt: org.springframework.beans.factory.UnsatisfiedDependencyException: Error creating bean with name 'deptController': Unsatisfied dependency expressed through field 'deptService': Error creating bean with name 'deptServiceImpl' defined in file [D:\JAVA学习项目\后端\SpringBootWeb案例\tlias\target\classes\com\whl\tlias\service\impl\DeptServiceImpl.class]: Unsatisfied dependency expressed through constructor parameter 0: Error creating bean with name 'deptMapper' defined in file [D:\JAVA学习项目\后端\SpringBootWeb案例\tlias\target\classes\com\whl\tlias\mapper\DeptMapper.class]: Cannot resolve reference to bean 'sqlSessionTemplate' while setting bean property 'sqlSessionTemplate'
2025-02-10 16:56:07.290 [main] INFO  org.apache.catalina.core.StandardService-Stopping service [Tomcat]
2025-02-10 16:56:07.311 [main] INFO  o.s.b.a.logging.ConditionEvaluationReportLogger-

Error starting ApplicationContext. To display the condition evaluation report re-run your application with 'debug' enabled.
2025-02-10 16:56:07.322 [main] ERROR o.s.b.diagnostics.LoggingFailureAnalysisReporter-

***************************
APPLICATION FAILED TO START
***************************

Description:

Failed to configure a DataSource: 'url' attribute is not specified and no embedded datasource could be configured.

Reason: Failed to determine a suitable driver class


Action:

Consider the following:
	If you want an embedded database (H2, HSQL or Derby), please put it on the classpath.
	If you have database settings to be loaded from a particular profile you may need to activate it (no profiles are currently active).

2025-02-10 17:02:13.606 [main] INFO  com.whl.tlias.TliasApplication-Starting TliasApplication using Java 17.0.12 with PID 2172 (D:\JAVA学习项目\后端\SpringBootWeb案例\tlias\target\classes started by 86195 in D:\JAVA学习项目\后端\SpringBootWeb案例)
2025-02-10 17:02:13.608 [main] INFO  com.whl.tlias.TliasApplication-No active profile set, falling back to 1 default profile: "default"
2025-02-10 17:02:14.418 [main] INFO  o.s.boot.web.embedded.tomcat.TomcatWebServer-Tomcat initialized with port 8080 (http)
2025-02-10 17:02:14.427 [main] INFO  org.apache.coyote.http11.Http11NioProtocol-Initializing ProtocolHandler ["http-nio-8080"]
2025-02-10 17:02:14.429 [main] INFO  org.apache.catalina.core.StandardService-Starting service [Tomcat]
2025-02-10 17:02:14.429 [main] INFO  org.apache.catalina.core.StandardEngine-Starting Servlet engine: [Apache Tomcat/10.1.34]
2025-02-10 17:02:14.480 [main] INFO  o.a.c.core.ContainerBase.[Tomcat].[localhost].[/]-Initializing Spring embedded WebApplicationContext
2025-02-10 17:02:14.480 [main] INFO  o.s.b.w.s.c.ServletWebServerApplicationContext-Root WebApplicationContext: initialization completed in 838 ms
2025-02-10 17:02:15.056 [main] INFO  org.apache.coyote.http11.Http11NioProtocol-Starting ProtocolHandler ["http-nio-8080"]
2025-02-10 17:02:15.060 [main] WARN  o.s.b.w.s.c.AnnotationConfigServletWebServerApplicationContext-Exception encountered during context initialization - cancelling refresh attempt: org.springframework.context.ApplicationContextException: Failed to start bean 'webServerStartStop'
2025-02-10 17:02:15.082 [main] INFO  o.s.b.a.logging.ConditionEvaluationReportLogger-

Error starting ApplicationContext. To display the condition evaluation report re-run your application with 'debug' enabled.
2025-02-10 17:02:15.096 [main] ERROR o.s.b.diagnostics.LoggingFailureAnalysisReporter-

***************************
APPLICATION FAILED TO START
***************************

Description:

Web server failed to start. Port 8080 was already in use.

Action:

Identify and stop the process that's listening on port 8080 or configure this application to listen on another port.

2025-02-10 17:03:03.869 [main] INFO  com.whl.tlias.TliasApplication-Starting TliasApplication using Java 17.0.12 with PID 30896 (D:\JAVA学习项目\后端\SpringBootWeb案例\tlias\target\classes started by 86195 in D:\JAVA学习项目\后端\SpringBootWeb案例)
2025-02-10 17:03:03.871 [main] INFO  com.whl.tlias.TliasApplication-No active profile set, falling back to 1 default profile: "default"
2025-02-10 17:03:04.717 [main] INFO  o.s.boot.web.embedded.tomcat.TomcatWebServer-Tomcat initialized with port 8080 (http)
2025-02-10 17:03:04.727 [main] INFO  org.apache.coyote.http11.Http11NioProtocol-Initializing ProtocolHandler ["http-nio-8080"]
2025-02-10 17:03:04.728 [main] INFO  org.apache.catalina.core.StandardService-Starting service [Tomcat]
2025-02-10 17:03:04.728 [main] INFO  org.apache.catalina.core.StandardEngine-Starting Servlet engine: [Apache Tomcat/10.1.34]
2025-02-10 17:03:04.778 [main] INFO  o.a.c.core.ContainerBase.[Tomcat].[localhost].[/]-Initializing Spring embedded WebApplicationContext
2025-02-10 17:03:04.778 [main] INFO  o.s.b.w.s.c.ServletWebServerApplicationContext-Root WebApplicationContext: initialization completed in 876 ms
2025-02-10 17:03:05.340 [main] INFO  org.apache.coyote.http11.Http11NioProtocol-Starting ProtocolHandler ["http-nio-8080"]
2025-02-10 17:03:05.355 [main] INFO  o.s.boot.web.embedded.tomcat.TomcatWebServer-Tomcat started on port 8080 (http) with context path '/'
2025-02-10 17:03:05.362 [main] INFO  com.whl.tlias.TliasApplication-Started TliasApplication in 1.791 seconds (process running for 2.678)
2025-02-10 17:03:17.949 [SpringApplicationShutdownHook] INFO  o.s.boot.web.embedded.tomcat.GracefulShutdown-Commencing graceful shutdown. Waiting for active requests to complete
2025-02-10 17:03:18.086 [tomcat-shutdown] INFO  o.s.boot.web.embedded.tomcat.GracefulShutdown-Graceful shutdown complete
